[API Error] {
  method: 'GET',
  path: '/api/firms/options',
  message: 'Cannot set headers after they are sent to the client',
  stack: 'Error [ERR_HTTP_HEADERS_SENT]: Cannot set headers after they are sent to the client\n' +
    '    at ServerResponse.setHeader (node:_http_outgoing:642:11)\n' +
    '    at ServerResponse.header (E:\\Shwetal\\legal-billing-backend\\node_modules\\express\\lib\\response.js:684:10)\n' +
    '    at ServerResponse.send (E:\\Shwetal\\legal-billing-backend\\node_modules\\express\\lib\\response.js:161:12)\n' +
    '    at ServerResponse.json (E:\\Shwetal\\legal-billing-backend\\node_modules\\express\\lib\\response.js:250:15)\n' +
    '    at listFirmOptions (file:///E:/Shwetal/legal-billing-backend/src/modules/firms/controllers/firmController.js:115:21)\n' +
    '    at process.processTicksAndRejections (node:internal/process/task_queues:105:5)'
}
Error [ERR_HTTP_HEADERS_SENT]: Cannot set headers after they are sent to the client
    at ServerResponse.setHeader (node:_http_outgoing:642:11)
    at ServerResponse.header (E:\Shwetal\legal-billing-backend\node_modules\express\lib\response.js:684:10)
    at ServerResponse.send (E:\Shwetal\legal-billing-backend\node_modules\express\lib\response.js:161:12)
    at ServerResponse.json (E:\Shwetal\legal-billing-backend\node_modules\express\lib\response.js:250:15)
    at errorHandler (file:///E:/Shwetal/legal-billing-backend/src/middleware/errorHandler.js:14:26)
    at Layer.handleError (E:\Shwetal\legal-billing-backend\node_modules\router\lib\layer.js:116:17)
    at trimPrefix (E:\Shwetal\legal-billing-backend\node_modules\router\index.js:340:13)
    at E:\Shwetal\legal-billing-backend\node_modules\router\index.js:297:9
    at processParams (E:\Shwetal\legal-billing-backend\node_modules\router\index.js:582:12)
    at next (E:\Shwetal\legal-billing-backend\node_modules\router\index.js:291:5)
[API Error] {
  method: 'GET',
  path: '/api/firms/options',
  message: 'Cannot set headers after they are sent to the client',
  stack: 'Error [ERR_HTTP_HEADERS_SENT]: Cannot set headers after they are sent to the client\n' +
    '    at ServerResponse.setHeader (node:_http_outgoing:642:11)\n' +
    '    at ServerResponse.header (E:\\Shwetal\\legal-billing-backend\\node_modules\\express\\lib\\response.js:684:10)\n' +
    '    at ServerResponse.send (E:\\Shwetal\\legal-billing-backend\\node_modules\\express\\lib\\response.js:161:12)\n' +
    '    at ServerResponse.json (E:\\Shwetal\\legal-billing-backend\\node_modules\\express\\lib\\response.js:250:15)\n' +
    '    at listFirmOptions (file:///E:/Shwetal/legal-billing-backend/src/modules/firms/controllers/firmController.js:115:21)\n' +
    '    at process.processTicksAndRejections (node:internal/process/task_queues:105:5)'
}
Error [ERR_HTTP_HEADERS_SENT]: Cannot set headers after they are sent to the client
    at ServerResponse.setHeader (node:_http_outgoing:642:11)
    at ServerResponse.header (E:\Shwetal\legal-billing-backend\node_modules\express\lib\response.js:684:10)
    at ServerResponse.send (E:\Shwetal\legal-billing-backend\node_modules\express\lib\response.js:161:12)
    at ServerResponse.json (E:\Shwetal\legal-billing-backend\node_modules\express\lib\response.js:250:15)
    at errorHandler (file:///E:/Shwetal/legal-billing-backend/src/middleware/errorHandler.js:14:26)
    at Layer.handleError (E:\Shwetal\legal-billing-backend\node_modules\router\lib\layer.js:116:17)
    at trimPrefix (E:\Shwetal\legal-billing-backend\node_modules\router\index.js:340:13)
    at E:\Shwetal\legal-billing-backend\node_modules\router\index.js:297:9
    at processParams (E:\Shwetal\legal-billing-backend\node_modules\router\index.js:582:12)
    at next (E:\Shwetal\legal-billing-backend\node_modules\router\index.js:291:5)
[API Error] {
  method: 'GET',
  path: '/api/firms/options',
  message: 'Cannot set headers after they are sent to the client',
  stack: 'Error [ERR_HTTP_HEADERS_SENT]: Cannot set headers after they are sent to the client\n' +
    '    at ServerResponse.setHeader (node:_http_outgoing:642:11)\n' +
    '    at ServerResponse.header (E:\\Shwetal\\legal-billing-backend\\node_modules\\express\\lib\\response.js:684:10)\n' +
    '    at ServerResponse.send (E:\\Shwetal\\legal-billing-backend\\node_modules\\express\\lib\\response.js:161:12)\n' +
    '    at ServerResponse.json (E:\\Shwetal\\legal-billing-backend\\node_modules\\express\\lib\\response.js:250:15)\n' +
    '    at listFirmOptions (file:///E:/Shwetal/legal-billing-backend/src/modules/firms/controllers/firmController.js:115:21)\n' +
    '    at process.processTicksAndRejections (node:internal/process/task_queues:105:5)'
}
Error [ERR_HTTP_HEADERS_SENT]: Cannot set headers after they are sent to the client
    at ServerResponse.setHeader (node:_http_outgoing:642:11)
    at ServerResponse.header (E:\Shwetal\legal-billing-backend\node_modules\express\lib\response.js:684:10)
    at ServerResponse.send (E:\Shwetal\legal-billing-backend\node_modules\express\lib\response.js:161:12)
    at ServerResponse.json (E:\Shwetal\legal-billing-backend\node_modules\express\lib\response.js:250:15)
    at errorHandler (file:///E:/Shwetal/legal-billing-backend/src/middleware/errorHandler.js:14:26)
    at Layer.handleError (E:\Shwetal\legal-billing-backend\node_modules\router\lib\layer.js:116:17)
    at trimPrefix (E:\Shwetal\legal-billing-backend\node_modules\router\index.js:340:13)
    at E:\Shwetal\legal-billing-backend\node_modules\router\index.js:297:9
    at processParams (E:\Shwetal\legal-billing-backend\node_modules\router\index.js:582:12)
    at next (E:\Shwetal\legal-billing-backend\node_modules\router\index.js:291:5)
[API Error] {
  method: 'GET',
  path: '/api/firms/options',
  message: 'Cannot set headers after they are sent to the client',
  stack: 'Error [ERR_HTTP_HEADERS_SENT]: Cannot set headers after they are sent to the client\n' +
    '    at ServerResponse.setHeader (node:_http_outgoing:642:11)\n' +
    '    at ServerResponse.header (E:\\Shwetal\\legal-billing-backend\\node_modules\\express\\lib\\response.js:684:10)\n' +
    '    at ServerResponse.send (E:\\Shwetal\\legal-billing-backend\\node_modules\\express\\lib\\response.js:161:12)\n' +
    '    at ServerResponse.json (E:\\Shwetal\\legal-billing-backend\\node_modules\\express\\lib\\response.js:250:15)\n' +
    '    at listFirmOptions (file:///E:/Shwetal/legal-billing-backend/src/modules/firms/controllers/firmController.js:115:21)\n' +
    '    at process.processTicksAndRejections (node:internal/process/task_queues:105:5)'
}
Error [ERR_HTTP_HEADERS_SENT]: Cannot set headers after they are sent to the client
    at ServerResponse.setHeader (node:_http_outgoing:642:11)
    at ServerResponse.header (E:\Shwetal\legal-billing-backend\node_modules\express\lib\response.js:684:10)
    at ServerResponse.send (E:\Shwetal\legal-billing-backend\node_modules\express\lib\response.js:161:12)
    at ServerResponse.json (E:\Shwetal\legal-billing-backend\node_modules\express\lib\response.js:250:15)
    at errorHandler (file:///E:/Shwetal/legal-billing-backend/src/middleware/errorHandler.js:14:26)
    at Layer.handleError (E:\Shwetal\legal-billing-backend\node_modules\router\lib\layer.js:116:17)
    at trimPrefix (E:\Shwetal\legal-billing-backend\node_modules\router\index.js:340:13)
    at E:\Shwetal\legal-billing-backend\node_modules\router\index.js:297:9
    at processParams (E:\Shwetal\legal-billing-backend\node_modules\router\index.js:582:12)
    at next (E:\Shwetal\legal-billing-backend\node_modules\router\index.js:291:5)
[API Error] {
  method: 'GET',
  path: '/api/firms/options',
  message: 'Cannot set headers after they are sent to the client',
  stack: 'Error [ERR_HTTP_HEADERS_SENT]: Cannot set headers after they are sent to the client\n' +
    '    at ServerResponse.setHeader (node:_http_outgoing:642:11)\n' +
    '    at ServerResponse.header (E:\\Shwetal\\legal-billing-backend\\node_modules\\express\\lib\\response.js:684:10)\n' +
    '    at ServerResponse.send (E:\\Shwetal\\legal-billing-backend\\node_modules\\express\\lib\\response.js:161:12)\n' +
    '    at ServerResponse.json (E:\\Shwetal\\legal-billing-backend\\node_modules\\express\\lib\\response.js:250:15)\n' +
    '    at listFirmOptions (file:///E:/Shwetal/legal-billing-backend/src/modules/firms/controllers/firmController.js:115:21)\n' +
    '    at process.processTicksAndRejections (node:internal/process/task_queues:105:5)'
}
Error [ERR_HTTP_HEADERS_SENT]: Cannot set headers after they are sent to the client
    at ServerResponse.setHeader (node:_http_outgoing:642:11)
    at ServerResponse.header (E:\Shwetal\legal-billing-backend\node_modules\express\lib\response.js:684:10)
    at ServerResponse.send (E:\Shwetal\legal-billing-backend\node_modules\express\lib\response.js:161:12)
    at ServerResponse.json (E:\Shwetal\legal-billing-backend\node_modules\express\lib\response.js:250:15)
    at errorHandler (file:///E:/Shwetal/legal-billing-backend/src/middleware/errorHandler.js:14:26)
    at Layer.handleError (E:\Shwetal\legal-billing-backend\node_modules\router\lib\layer.js:116:17)
    at trimPrefix (E:\Shwetal\legal-billing-backend\node_modules\router\index.js:340:13)
    at E:\Shwetal\legal-billing-backend\node_modules\router\index.js:297:9
    at processParams (E:\Shwetal\legal-billing-backend\node_modules\router\index.js:582:12)
    at next (E:\Shwetal\legal-billing-backend\node_modules\router\index.js:291:5)
[API Error] {
  method: 'GET',
  path: '/api/firms/options',
  message: 'Cannot set headers after they are sent to the client',
  stack: 'Error [ERR_HTTP_HEADERS_SENT]: Cannot set headers after they are sent to the client\n' +
    '    at ServerResponse.setHeader (node:_http_outgoing:642:11)\n' +
    '    at ServerResponse.header (E:\\Shwetal\\legal-billing-backend\\node_modules\\express\\lib\\response.js:684:10)\n' +
    '    at ServerResponse.send (E:\\Shwetal\\legal-billing-backend\\node_modules\\express\\lib\\response.js:161:12)\n' +
    '    at ServerResponse.json (E:\\Shwetal\\legal-billing-backend\\node_modules\\express\\lib\\response.js:250:15)\n' +
    '    at listFirmOptions (file:///E:/Shwetal/legal-billing-backend/src/modules/firms/controllers/firmController.js:115:21)\n' +
    '    at process.processTicksAndRejections (node:internal/process/task_queues:105:5)'
}
Error [ERR_HTTP_HEADERS_SENT]: Cannot set headers after they are sent to the client
    at ServerResponse.setHeader (node:_http_outgoing:642:11)
    at ServerResponse.header (E:\Shwetal\legal-billing-backend\node_modules\express\lib\response.js:684:10)
    at ServerResponse.send (E:\Shwetal\legal-billing-backend\node_modules\express\lib\response.js:161:12)
    at ServerResponse.json (E:\Shwetal\legal-billing-backend\node_modules\express\lib\response.js:250:15)
    at errorHandler (file:///E:/Shwetal/legal-billing-backend/src/middleware/errorHandler.js:14:26)
    at Layer.handleError (E:\Shwetal\legal-billing-backend\node_modules\router\lib\layer.js:116:17)
    at trimPrefix (E:\Shwetal\legal-billing-backend\node_modules\router\index.js:340:13)
    at E:\Shwetal\legal-billing-backend\node_modules\router\index.js:297:9
    at processParams (E:\Shwetal\legal-billing-backend\node_modules\router\index.js:582:12)
    at next (E:\Shwetal\legal-billing-backend\node_modules\router\index.js:291:5)
[API Error] {
  method: 'GET',
  path: '/api/firms/options',
  message: 'Cannot set headers after they are sent to the client',
  stack: 'Error [ERR_HTTP_HEADERS_SENT]: Cannot set headers after they are sent to the client\n' +
    '    at ServerResponse.setHeader (node:_http_outgoing:642:11)\n' +
    '    at ServerResponse.header (E:\\Shwetal\\legal-billing-backend\\node_modules\\express\\lib\\response.js:684:10)\n' +
    '    at ServerResponse.json (E:\\Shwetal\\legal-billing-backend\\node_modules\\express\\lib\\response.js:247:10)\n' +
    '    at listFirmOptions (file:///E:/Shwetal/legal-billing-backend/src/modules/firms/controllers/firmController.js:115:21)\n' +
    '    at process.processTicksAndRejections (node:internal/process/task_queues:105:5)'
}
Error [ERR_HTTP_HEADERS_SENT]: Cannot set headers after they are sent to the client
    at ServerResponse.setHeader (node:_http_outgoing:642:11)
    at ServerResponse.header (E:\Shwetal\legal-billing-backend\node_modules\express\lib\response.js:684:10)
    at ServerResponse.json (E:\Shwetal\legal-billing-backend\node_modules\express\lib\response.js:247:10)
    at errorHandler (file:///E:/Shwetal/legal-billing-backend/src/middleware/errorHandler.js:14:26)
    at Layer.handleError (E:\Shwetal\legal-billing-backend\node_modules\router\lib\layer.js:116:17)
    at trimPrefix (E:\Shwetal\legal-billing-backend\node_modules\router\index.js:340:13)
    at E:\Shwetal\legal-billing-backend\node_modules\router\index.js:297:9
    at processParams (E:\Shwetal\legal-billing-backend\node_modules\router\index.js:582:12)
    at next (E:\Shwetal\legal-billing-backend\node_modules\router\index.js:291:5)
    at Layer.handleError (E:\Shwetal\legal-billing-backend\node_modules\router\lib\layer.js:111:12)
[API Error] {
  method: 'GET',
  path: '/api/firms/options',
  message: 'Cannot set headers after they are sent to the client',
  stack: 'Error [ERR_HTTP_HEADERS_SENT]: Cannot set headers after they are sent to the client\n' +
    '    at ServerResponse.setHeader (node:_http_outgoing:642:11)\n' +
    '    at ServerResponse.header (E:\\Shwetal\\legal-billing-backend\\node_modules\\express\\lib\\response.js:684:10)\n' +
    '    at ServerResponse.json (E:\\Shwetal\\legal-billing-backend\\node_modules\\express\\lib\\response.js:247:10)\n' +
    '    at listFirmOptions (file:///E:/Shwetal/legal-billing-backend/src/modules/firms/controllers/firmController.js:115:21)\n' +
    '    at process.processTicksAndRejections (node:internal/process/task_queues:105:5)'
}
Error [ERR_HTTP_HEADERS_SENT]: Cannot set headers after they are sent to the client
    at ServerResponse.setHeader (node:_http_outgoing:642:11)
    at ServerResponse.header (E:\Shwetal\legal-billing-backend\node_modules\express\lib\response.js:684:10)
    at ServerResponse.json (E:\Shwetal\legal-billing-backend\node_modules\express\lib\response.js:247:10)
    at errorHandler (file:///E:/Shwetal/legal-billing-backend/src/middleware/errorHandler.js:14:26)
    at Layer.handleError (E:\Shwetal\legal-billing-backend\node_modules\router\lib\layer.js:116:17)
    at trimPrefix (E:\Shwetal\legal-billing-backend\node_modules\router\index.js:340:13)
    at E:\Shwetal\legal-billing-backend\node_modules\router\index.js:297:9
    at processParams (E:\Shwetal\legal-billing-backend\node_modules\router\index.js:582:12)
    at next (E:\Shwetal\legal-billing-backend\node_modules\router\index.js:291:5)
    at Layer.handleError (E:\Shwetal\legal-billing-backend\node_modules\router\lib\layer.js:111:12)
[API Error] {
  method: 'GET',
  path: '/api/firms/options',
  message: 'Cannot set headers after they are sent to the client',
  stack: 'Error [ERR_HTTP_HEADERS_SENT]: Cannot set headers after they are sent to the client\n' +
    '    at ServerResponse.setHeader (node:_http_outgoing:642:11)\n' +
    '    at ServerResponse.header (E:\\Shwetal\\legal-billing-backend\\node_modules\\express\\lib\\response.js:684:10)\n' +
    '    at ServerResponse.json (E:\\Shwetal\\legal-billing-backend\\node_modules\\express\\lib\\response.js:247:10)\n' +
    '    at listFirmOptions (file:///E:/Shwetal/legal-billing-backend/src/modules/firms/controllers/firmController.js:115:21)\n' +
    '    at process.processTicksAndRejections (node:internal/process/task_queues:105:5)'
}
Error [ERR_HTTP_HEADERS_SENT]: Cannot set headers after they are sent to the client
    at ServerResponse.setHeader (node:_http_outgoing:642:11)
    at ServerResponse.header (E:\Shwetal\legal-billing-backend\node_modules\express\lib\response.js:684:10)
    at ServerResponse.json (E:\Shwetal\legal-billing-backend\node_modules\express\lib\response.js:247:10)
    at errorHandler (file:///E:/Shwetal/legal-billing-backend/src/middleware/errorHandler.js:14:26)
    at Layer.handleError (E:\Shwetal\legal-billing-backend\node_modules\router\lib\layer.js:116:17)
    at trimPrefix (E:\Shwetal\legal-billing-backend\node_modules\router\index.js:340:13)
    at E:\Shwetal\legal-billing-backend\node_modules\router\index.js:297:9
    at processParams (E:\Shwetal\legal-billing-backend\node_modules\router\index.js:582:12)
    at next (E:\Shwetal\legal-billing-backend\node_modules\router\index.js:291:5)
    at Layer.handleError (E:\Shwetal\legal-billing-backend\node_modules\router\lib\layer.js:111:12)
[API Error] {
  method: 'GET',
  path: '/api/firms/options',
  message: 'Cannot set headers after they are sent to the client',
  stack: 'Error [ERR_HTTP_HEADERS_SENT]: Cannot set headers after they are sent to the client\n' +
    '    at ServerResponse.setHeader (node:_http_outgoing:642:11)\n' +
    '    at ServerResponse.header (E:\\Shwetal\\legal-billing-backend\\node_modules\\express\\lib\\response.js:684:10)\n' +
    '    at ServerResponse.json (E:\\Shwetal\\legal-billing-backend\\node_modules\\express\\lib\\response.js:247:10)\n' +
    '    at listFirmOptions (file:///E:/Shwetal/legal-billing-backend/src/modules/firms/controllers/firmController.js:115:21)\n' +
    '    at process.processTicksAndRejections (node:internal/process/task_queues:105:5)'
}
Error [ERR_HTTP_HEADERS_SENT]: Cannot set headers after they are sent to the client
    at ServerResponse.setHeader (node:_http_outgoing:642:11)
    at ServerResponse.header (E:\Shwetal\legal-billing-backend\node_modules\express\lib\response.js:684:10)
    at ServerResponse.json (E:\Shwetal\legal-billing-backend\node_modules\express\lib\response.js:247:10)
    at errorHandler (file:///E:/Shwetal/legal-billing-backend/src/middleware/errorHandler.js:14:26)
    at Layer.handleError (E:\Shwetal\legal-billing-backend\node_modules\router\lib\layer.js:116:17)
    at trimPrefix (E:\Shwetal\legal-billing-backend\node_modules\router\index.js:340:13)
    at E:\Shwetal\legal-billing-backend\node_modules\router\index.js:297:9
    at processParams (E:\Shwetal\legal-billing-backend\node_modules\router\index.js:582:12)
    at next (E:\Shwetal\legal-billing-backend\node_modules\router\index.js:291:5)
    at Layer.handleError (E:\Shwetal\legal-billing-backend\node_modules\router\lib\layer.js:111:12)
[API Error] {
  method: 'GET',
  path: '/api/firms/options',
  message: 'Cannot set headers after they are sent to the client',
  stack: 'Error [ERR_HTTP_HEADERS_SENT]: Cannot set headers after they are sent to the client\n' +
    '    at ServerResponse.setHeader (node:_http_outgoing:642:11)\n' +
    '    at ServerResponse.header (E:\\Shwetal\\legal-billing-backend\\node_modules\\express\\lib\\response.js:684:10)\n' +
    '    at ServerResponse.json (E:\\Shwetal\\legal-billing-backend\\node_modules\\express\\lib\\response.js:247:10)\n' +
    '    at listFirmOptions (file:///E:/Shwetal/legal-billing-backend/src/modules/firms/controllers/firmController.js:115:21)\n' +
    '    at process.processTicksAndRejections (node:internal/process/task_queues:105:5)'
}
Error [ERR_HTTP_HEADERS_SENT]: Cannot set headers after they are sent to the client
    at ServerResponse.setHeader (node:_http_outgoing:642:11)
    at ServerResponse.header (E:\Shwetal\legal-billing-backend\node_modules\express\lib\response.js:684:10)
    at ServerResponse.json (E:\Shwetal\legal-billing-backend\node_modules\express\lib\response.js:247:10)
    at errorHandler (file:///E:/Shwetal/legal-billing-backend/src/middleware/errorHandler.js:14:26)
    at Layer.handleError (E:\Shwetal\legal-billing-backend\node_modules\router\lib\layer.js:116:17)
    at trimPrefix (E:\Shwetal\legal-billing-backend\node_modules\router\index.js:340:13)
    at E:\Shwetal\legal-billing-backend\node_modules\router\index.js:297:9
    at processParams (E:\Shwetal\legal-billing-backend\node_modules\router\index.js:582:12)
    at next (E:\Shwetal\legal-billing-backend\node_modules\router\index.js:291:5)
    at Layer.handleError (E:\Shwetal\legal-billing-backend\node_modules\router\lib\layer.js:111:12)
